Тест без ошибок 

Тест без ошибок 
--- Протокол --- Дата: 10.09.2024 20:50:34
---- Параметры ------
-log: in.txt.log
-out: in.txt.out
-in: in.txt
---- Исходные данные ------
Количество символов: 29
Проигнорировано: 2
Количество строк: 0
Коды всех символов: 0
2048 2048 2048 2048 2048 2048 2048 2048 2048 2048 2048 2048 2048 2048 2048 2048 2048 
2048 2048 2048 2048 2048 2048 2048 2048 2048 2048 2048 2048 2048 2048 2048 4096 
4096 2048 2048 2048 2048 2048 2048 2048 2048 2048 2048 2048 2048 2048 2048 2048 
2048 2048 2048 2048 2048 2048 2048 2048 2048 2048 2048 2048 2048 2048 2048 2048 
2048 2048 2048 2048 2048 2048 2048 4096 2048 2048 2048 2048 2048 2048 2048 2048 
2048 2048 2048 2048 2048 2048 4096 2048 2048 2048 2048 2048 2048 2048 2048 2048 
2048 2048 2048 4096 4096 2048 2048 2048 2048 2048 2048 4096 2048 2048 4096 2048 
2048 4096 2048 2048 2048 2048 2048 2048 2048 2048 2048 4096 2048 2048 2048 2048 
2048 2048 2048 2048 2048 2048 2048 2048 2048 2048 2048 2048 2048 2048 2048 2048 
2048 2048 2048 2048 2048 2048 2048 2048 2048 2048 2048 2048 2048 2048 2048 2048 
2048 2048 2048 2048 2048 2048 2048 2048 2048 2048 2048 2048 2048 2048 2048 2048 
2048 2048 2048 2048 2048 2048 2048 2048 2048 2048 2048 2048 2048 2048 2048 2048 
2048 2048 2048 2048 2048 2048 2048 2048 2048 2048 2048 4096 2048 2048 4096 2048 
2048 2048 2048 2048 2048 2048 2048 2048 2048 2048 2048 2048 2048 2048 2048 2048 
2048 4096 2048 2048 4096 2048 2048 4096 2048 2048 2048 2048 2048 2048 2048 4096 
2048 4096 2048 2048 2048 2048 2048 2048 2048 2048 2048 2048 2048 2048 2048 