d:\laby\3_sem\software_design\14lab\se_lab14\se_lab14\x64\debug\vc143.pdb
d:\laby\3_sem\software_design\14lab\se_lab14\se_lab14\x64\debug\vc143.idb
d:\laby\3_sem\software_design\14lab\se_lab14\se_lab14\x64\debug\stdafx.obj
d:\laby\3_sem\software_design\14lab\se_lab14\se_lab14\x64\debug\se_lab14.obj
d:\laby\3_sem\software_design\14lab\se_lab14\se_lab14\x64\debug\parm.obj
d:\laby\3_sem\software_design\14lab\se_lab14\se_lab14\x64\debug\log.obj
d:\laby\3_sem\software_design\14lab\se_lab14\se_lab14\x64\debug\in.obj
d:\laby\3_sem\software_design\14lab\se_lab14\se_lab14\x64\debug\error.obj
d:\laby\3_sem\software_design\14lab\se_lab14\x64\debug\se_lab14.pdb
d:\laby\3_sem\software_design\14lab\se_lab14\se_lab14\x64\debug\se_lab14.tlog\cl.command.1.tlog
d:\laby\3_sem\software_design\14lab\se_lab14\se_lab14\x64\debug\se_lab14.tlog\cl.read.1.tlog
d:\laby\3_sem\software_design\14lab\se_lab14\se_lab14\x64\debug\se_lab14.tlog\cl.write.1.tlog
d:\laby\3_sem\software_design\14lab\se_lab14\se_lab14\x64\debug\se_lab14.tlog\link-cvtres.read.1.tlog
d:\laby\3_sem\software_design\14lab\se_lab14\se_lab14\x64\debug\se_lab14.tlog\link-cvtres.write.1.tlog
d:\laby\3_sem\software_design\14lab\se_lab14\se_lab14\x64\debug\se_lab14.tlog\link-rc.read.1.tlog
d:\laby\3_sem\software_design\14lab\se_lab14\se_lab14\x64\debug\se_lab14.tlog\link-rc.write.1.tlog
d:\laby\3_sem\software_design\14lab\se_lab14\se_lab14\x64\debug\se_lab14.tlog\link.command.1.tlog
d:\laby\3_sem\software_design\14lab\se_lab14\se_lab14\x64\debug\se_lab14.tlog\link.read.1.tlog
d:\laby\3_sem\software_design\14lab\se_lab14\se_lab14\x64\debug\se_lab14.tlog\link.read.2.tlog
d:\laby\3_sem\software_design\14lab\se_lab14\se_lab14\x64\debug\se_lab14.tlog\link.read.3.tlog
d:\laby\3_sem\software_design\14lab\se_lab14\se_lab14\x64\debug\se_lab14.tlog\link.read.4.tlog
d:\laby\3_sem\software_design\14lab\se_lab14\se_lab14\x64\debug\se_lab14.tlog\link.write.1.tlog
