Сборка начата 17.09.2024 20:58:55.
Уровень детализации журнала: Normal.     1>Проект "C:\Users\user\Desktop\VS\кпо\лр16\SELab16\SELab16\SELab16.vcxproj" в узле 2 (целевые объекты Build).
     1>PrepareForBuild:
         Структурированный вывод включен. Форматирование диагностики компилятора будет отражать иерархию ошибок. Подробнее см. https://aka.ms/cpp/structured-output.
       InitializeBuildStatus:
         Обращение к "Debug\SELab16.tlog\unsuccessfulbuild".
       ClCompile:
         Для всех выходных данных обновления не требуется.
       Link:
         C:\Program Files\Microsoft Visual Studio\2022\Community\VC\Tools\MSVC\14.38.33130\bin\HostX86\x86\link.exe /ERRORREPORT:PROMPT /OUT:"C:\Users\user\Desktop\VS\кпо\лр16\SELab16\Debug\SELab16.exe" /INCREMENTAL /ILK:"Debug\SELab16.ilk" /NOLOGO kernel32.lib user32.lib gdi32.lib winspool.lib comdlg32.lib advapi32.lib shell32.lib ole32.lib oleaut32.lib uuid.lib odbc32.lib odbccp32.lib /MANIFEST /MANIFESTUAC:"level='asInvoker' uiAccess='false'" /manifest:embed /DEBUG /PDB:"C:\Users\user\Desktop\VS\кпо\лр16\SELab16\Debug\SELab16.pdb" /SUBSYSTEM:CONSOLE /TLBID:1 /DYNAMICBASE /NXCOMPAT /IMPLIB:"C:\Users\user\Desktop\VS\кпо\лр16\SELab16\Debug\SELab16.lib" /MACHINE:X86 Debug\FST.obj
         Debug\SELab16.obj
         SELab16.vcxproj -> C:\Users\user\Desktop\VS\кпо\лр16\SELab16\Debug\SELab16.exe
       FinalizeBuildStatus:
         Файл "Debug\SELab16.tlog\unsuccessfulbuild" удаляется.
         Обращение к "Debug\SELab16.tlog\SELab16.lastbuildstate".
     1>Сборка проекта "C:\Users\user\Desktop\VS\кпо\лр16\SELab16\SELab16\SELab16.vcxproj" завершена (целевые объекты Build).

Сборка успешно завершена.
    Предупреждений: 0
    Ошибок: 0

Прошло времени 00:00:00.31
