Сборка начата 30.09.2024 21:07:54.
Уровень детализации журнала: Normal.     1>Проект "C:\Users\user\Desktop\VS\кпо\лр17\SELab17\SELab17\SELab17.vcxproj" в узле 2 (целевые объекты Build).
     1>PrepareForBuild:
         Структурированный вывод включен. Форматирование диагностики компилятора будет отражать иерархию ошибок. Подробнее см. https://aka.ms/cpp/structured-output.
       InitializeBuildStatus:
         Обращение к "x64\Debug\SELab17.tlog\unsuccessfulbuild".
       ClCompile:
         C:\Program Files\Microsoft Visual Studio\2022\Community\VC\Tools\MSVC\14.38.33130\bin\HostX64\x64\CL.exe /c /ZI /JMC /nologo /W3 /WX- /diagnostics:column /sdl /Od /D _DEBUG /D _CONSOLE /D _UNICODE /D UNICODE /Gm- /EHsc /RTC1 /MDd /GS /fp:precise /Zc:wchar_t /Zc:forScope /Zc:inline /permissive- /Fo"x64\Debug\\" /Fd"x64\Debug\vc143.pdb" /external:W3 /Gd /TP /FC /errorReport:prompt Error.cpp Fst.cpp In.cpp IT.cpp Lexer.cpp Log.cpp LT.cpp Out.cpp Parm.cpp SELab17.cpp
         Error.cpp
     1>C:\Users\user\Desktop\VS\кпо\лр17\SELab17\SELab17\IT.h(34,35): warning C4267: =: преобразование из "size_t" в "int"; возможна потеря данных
         (компиляция исходного файла "Error.cpp")
         
         Fst.cpp
     1>C:\Users\user\Desktop\VS\кпо\лр17\SELab17\SELab17\IT.h(34,35): warning C4267: =: преобразование из "size_t" в "int"; возможна потеря данных
         (компиляция исходного файла "Fst.cpp")
         
     1>C:\Users\user\Desktop\VS\кпо\лр17\SELab17\SELab17\Fst.cpp(73,23): warning C4267: инициализация: преобразование из "size_t" в "short"; возможна потеря данных
         In.cpp
     1>C:\Users\user\Desktop\VS\кпо\лр17\SELab17\SELab17\IT.h(34,35): warning C4267: =: преобразование из "size_t" в "int"; возможна потеря данных
         (компиляция исходного файла "In.cpp")
         
     1>C:\Users\user\Desktop\VS\кпо\лр17\SELab17\SELab17\In.cpp(89,34): warning C4805: ==: небезопасное смешение типа "int" и типа "bool" в операции
         IT.cpp
     1>C:\Users\user\Desktop\VS\кпо\лр17\SELab17\SELab17\IT.h(34,35): warning C4267: =: преобразование из "size_t" в "int"; возможна потеря данных
         (компиляция исходного файла "IT.cpp")
         
         Lexer.cpp
     1>C:\Users\user\Desktop\VS\кпо\лр17\SELab17\SELab17\IT.h(34,35): warning C4267: =: преобразование из "size_t" в "int"; возможна потеря данных
         (компиляция исходного файла "Lexer.cpp")
         
         Log.cpp
     1>C:\Users\user\Desktop\VS\кпо\лр17\SELab17\SELab17\IT.h(34,35): warning C4267: =: преобразование из "size_t" в "int"; возможна потеря данных
         (компиляция исходного файла "Log.cpp")
         
         LT.cpp
     1>C:\Users\user\Desktop\VS\кпо\лр17\SELab17\SELab17\IT.h(34,35): warning C4267: =: преобразование из "size_t" в "int"; возможна потеря данных
         (компиляция исходного файла "LT.cpp")
         
         Out.cpp
     1>C:\Users\user\Desktop\VS\кпо\лр17\SELab17\SELab17\IT.h(34,35): warning C4267: =: преобразование из "size_t" в "int"; возможна потеря данных
         (компиляция исходного файла "Out.cpp")
         
         Parm.cpp
     1>C:\Users\user\Desktop\VS\кпо\лр17\SELab17\SELab17\IT.h(34,35): warning C4267: =: преобразование из "size_t" в "int"; возможна потеря данных
         (компиляция исходного файла "Parm.cpp")
         
         SELab17.cpp
     1>C:\Users\user\Desktop\VS\кпо\лр17\SELab17\SELab17\IT.h(34,35): warning C4267: =: преобразование из "size_t" в "int"; возможна потеря данных
         (компиляция исходного файла "SELab17.cpp")
         
         Создание кода...
       Link:
         C:\Program Files\Microsoft Visual Studio\2022\Community\VC\Tools\MSVC\14.38.33130\bin\HostX64\x64\link.exe /ERRORREPORT:PROMPT /OUT:"C:\Users\user\Desktop\VS\кпо\лр17\SELab17\x64\Debug\SELab17.exe" /INCREMENTAL /ILK:"x64\Debug\SELab17.ilk" /NOLOGO kernel32.lib user32.lib gdi32.lib winspool.lib comdlg32.lib advapi32.lib shell32.lib ole32.lib oleaut32.lib uuid.lib odbc32.lib odbccp32.lib /MANIFEST /MANIFESTUAC:"level='asInvoker' uiAccess='false'" /manifest:embed /DEBUG /PDB:"C:\Users\user\Desktop\VS\кпо\лр17\SELab17\x64\Debug\SELab17.pdb" /SUBSYSTEM:CONSOLE /TLBID:1 /DYNAMICBASE /NXCOMPAT /IMPLIB:"C:\Users\user\Desktop\VS\кпо\лр17\SELab17\x64\Debug\SELab17.lib" /MACHINE:X64 x64\Debug\Error.obj
         x64\Debug\Fst.obj
         x64\Debug\In.obj
         x64\Debug\IT.obj
         x64\Debug\Lexer.obj
         x64\Debug\Log.obj
         x64\Debug\LT.obj
         x64\Debug\Out.obj
         x64\Debug\Parm.obj
         x64\Debug\SELab17.obj
         SELab17.vcxproj -> C:\Users\user\Desktop\VS\кпо\лр17\SELab17\x64\Debug\SELab17.exe
       FinalizeBuildStatus:
         Файл "x64\Debug\SELab17.tlog\unsuccessfulbuild" удаляется.
         Обращение к "x64\Debug\SELab17.tlog\SELab17.lastbuildstate".
     1>Сборка проекта "C:\Users\user\Desktop\VS\кпо\лр17\SELab17\SELab17\SELab17.vcxproj" завершена (целевые объекты Build).

Сборка успешно завершена.

       "C:\Users\user\Desktop\VS\кпо\лр17\SELab17\SELab17\SELab17.vcxproj" (целевой объект Build ) (1) ->
       (Целевой объект ClCompile) -> 
         C:\Users\user\Desktop\VS\кпо\лр17\SELab17\SELab17\IT.h(34,35): warning C4267: =: преобразование из "size_t" в "int"; возможна потеря данных
         C:\Users\user\Desktop\VS\кпо\лр17\SELab17\SELab17\IT.h(34,35): warning C4267: =: преобразование из "size_t" в "int"; возможна потеря данных
         C:\Users\user\Desktop\VS\кпо\лр17\SELab17\SELab17\Fst.cpp(73,23): warning C4267: инициализация: преобразование из "size_t" в "short"; возможна потеря данных
         C:\Users\user\Desktop\VS\кпо\лр17\SELab17\SELab17\IT.h(34,35): warning C4267: =: преобразование из "size_t" в "int"; возможна потеря данных
         C:\Users\user\Desktop\VS\кпо\лр17\SELab17\SELab17\In.cpp(89,34): warning C4805: ==: небезопасное смешение типа "int" и типа "bool" в операции
         C:\Users\user\Desktop\VS\кпо\лр17\SELab17\SELab17\IT.h(34,35): warning C4267: =: преобразование из "size_t" в "int"; возможна потеря данных
         C:\Users\user\Desktop\VS\кпо\лр17\SELab17\SELab17\IT.h(34,35): warning C4267: =: преобразование из "size_t" в "int"; возможна потеря данных
         C:\Users\user\Desktop\VS\кпо\лр17\SELab17\SELab17\IT.h(34,35): warning C4267: =: преобразование из "size_t" в "int"; возможна потеря данных
         C:\Users\user\Desktop\VS\кпо\лр17\SELab17\SELab17\IT.h(34,35): warning C4267: =: преобразование из "size_t" в "int"; возможна потеря данных
         C:\Users\user\Desktop\VS\кпо\лр17\SELab17\SELab17\IT.h(34,35): warning C4267: =: преобразование из "size_t" в "int"; возможна потеря данных
         C:\Users\user\Desktop\VS\кпо\лр17\SELab17\SELab17\IT.h(34,35): warning C4267: =: преобразование из "size_t" в "int"; возможна потеря данных
         C:\Users\user\Desktop\VS\кпо\лр17\SELab17\SELab17\IT.h(34,35): warning C4267: =: преобразование из "size_t" в "int"; возможна потеря данных

    Предупреждений: 12
    Ошибок: 0

Прошло времени 00:00:08.68
